<?xml version="1.0" encoding="UTF-8"?>
<!-- Generated by org.testng.reporters.JUnitXMLReporter -->
<testsuite hostname="XIPL0513" ignored="0" name="Command line test" tests="5" failures="1" timestamp="20 Jun 2017 08:35:02 GMT" time="0.038" errors="0">
  <testcase name="primeNO" time="0.002" classname="com.dataprovider.test.DataProviderTestNGTest">
    <failure type="java.lang.AssertionError" message="Number not matchingtrue false expected [false] but found [true]">
      <![CDATA[java.lang.AssertionError: Number not matchingtrue false expected [false] but found [true]
	at com.dataprovider.test.DataProviderTestNGTest.primeNO(DataProviderTestNGTest.java:24)
... Removed 38 stack frames]]>
    </failure>
  </testcase> <!-- primeNO -->
  <testcase name="primeNO" time="0.0" classname="com.dataprovider.test.DataProviderTestNGTest"/>
  <testcase name="primeNO" time="0.0" classname="com.dataprovider.test.DataProviderTestNGTest"/>
  <testcase name="primeNO" time="0.0" classname="com.dataprovider.test.DataProviderTestNGTest"/>
  <testcase name="primeNO" time="0.0" classname="com.dataprovider.test.DataProviderTestNGTest"/>
</testsuite> <!-- Command line test -->
