<?xml version="1.0" encoding="UTF-8"?>
<testng-results skipped="0" failed="0" ignored="0" total="1" passed="1">
  <reporter-output>
  </reporter-output>
  <suite name="com.dataprovider.test.DataProviderTestNGTest" duration-ms="11455" started-at="2017-06-20T06:16:50Z" finished-at="2017-06-20T06:17:02Z">
    <groups>
    </groups>
    <test name="Command line test" duration-ms="11455" started-at="2017-06-20T06:16:50Z" finished-at="2017-06-20T06:17:02Z">
      <class name="com.dataprovider.test.DataProviderTestNGTest">
        <test-method status="PASS" signature="server()[pri:0, instance:com.dataprovider.test.DataProviderTestNGTest@3d24753a]" name="server" is-config="true" duration-ms="3863" started-at="2017-06-20T11:46:50Z" finished-at="2017-06-20T11:46:54Z">
          <reporter-output>
          </reporter-output>
        </test-method> <!-- server -->
        <test-method status="PASS" signature="openURL()[pri:0, instance:com.dataprovider.test.DataProviderTestNGTest@3d24753a]" name="openURL" duration-ms="5240" started-at="2017-06-20T11:46:54Z" finished-at="2017-06-20T11:46:59Z">
          <reporter-output>
          </reporter-output>
        </test-method> <!-- openURL -->
        <test-method status="PASS" signature="clearCache()[pri:0, instance:com.dataprovider.test.DataProviderTestNGTest@3d24753a]" name="clearCache" is-config="true" duration-ms="8" started-at="2017-06-20T11:46:59Z" finished-at="2017-06-20T11:46:59Z">
          <reporter-output>
          </reporter-output>
        </test-method> <!-- clearCache -->
        <test-method status="PASS" signature="cLosebrowser()[pri:0, instance:com.dataprovider.test.DataProviderTestNGTest@3d24753a]" name="cLosebrowser" is-config="true" duration-ms="2310" started-at="2017-06-20T11:46:59Z" finished-at="2017-06-20T11:47:02Z">
          <reporter-output>
          </reporter-output>
        </test-method> <!-- cLosebrowser -->
      </class> <!-- com.dataprovider.test.DataProviderTestNGTest -->
    </test> <!-- Command line test -->
  </suite> <!-- com.dataprovider.test.DataProviderTestNGTest -->
</testng-results>
